<?xml version="1.0" encoding="UTF-8"?>
<testng-results ignored="0" total="0" passed="0" failed="0" skipped="0">
  <reporter-output>
  </reporter-output>
  <suite started-at="2026-01-21T23:31:32 MYT" name="Surefire suite" finished-at="2026-01-21T23:32:42 MYT" duration-ms="69933">
    <groups>
    </groups>
    <test started-at="2026-01-21T23:31:32 MYT" name="Surefire test" finished-at="2026-01-21T23:32:42 MYT" duration-ms="69933">
    </test> <!-- Surefire test -->
  </suite> <!-- Surefire suite -->
</testng-results>
